-------------------------------------------------------------------------------
Test set: tests.ArticleTests
-------------------------------------------------------------------------------
Tests run: 1, Failures: 0, Errors: 1, Skipped: 0, Time elapsed: 24.835 s <<< FAILURE! - in tests.ArticleTests
testCompareArticleTitle(tests.ArticleTests)  Time elapsed: 24.803 s  <<< ERROR!
org.openqa.selenium.TimeoutException: 
Expected condition failed: Cannot find and type into search input
 (tried for 10 second(s) with 500 milliseconds interval)
	at tests.ArticleTests.testCompareArticleTitle(ArticleTests.java:18)
Caused by: org.openqa.selenium.NoSuchElementException: 
Cannot locate an element using By.xpath: //*[contains(@text, 'Searchâ€¦')]
For documentation on this error, please visit: http://seleniumhq.org/exceptions/no_such_element.html
Build info: version: '3.12.0', revision: '7c6e0b3', time: '2018-05-08T14:04:26.12Z'
System info: host: 'DESKTOP-VLDPU1G', ip: '172.16.100.227', os.name: 'Windows 10', os.arch: 'amd64', os.version: '10.0', java.version: '1.8.0_251'
Driver info: driver.version: unknown
	at tests.ArticleTests.testCompareArticleTitle(ArticleTests.java:18)

